Build started 11.05.2016 1:19:19.
     1>Project "D:\Work\pdp11asm\pdp11asm\pdp11asm\pdp11asm.vcxproj" on node 2 (Build target(s)).
     1>ClCompile:
         C:\Program Files (x86)\Microsoft Visual Studio 11.0\VC\bin\CL.exe /c /Zi /nologo /W3 /WX- /O2 /Oi /Oy- /GL /D WIN32 /D NDEBUG /D _CONSOLE /D _USING_V110_SDK71_ /D _UNICODE /D UNICODE /Gm- /EHsc /MD /GS /Gy /fp:precise /Zc:wchar_t /Zc:forScope /Yu"stdafx.h" /Fp"Release\pdp11asm.pch" /Fo"Release\\" /Fd"Release\vc110.pdb" /Gd /TP /analyze- /errorReport:prompt c_common.cpp
         c_common.cpp
     1>c_common.cpp(426): warning C4996: 'strcpy': This function or variable may be unsafe. Consider using strcpy_s instead. To disable deprecation, use _CRT_SECURE_NO_WARNINGS. See online help for details.
                 C:\Program Files (x86)\Microsoft Visual Studio 11.0\VC\include\string.h(110) : see declaration of 'strcpy'
       Link:
         C:\Program Files (x86)\Microsoft Visual Studio 11.0\VC\bin\link.exe /ERRORREPORT:PROMPT /OUT:"D:\Work\pdp11asm\pdp11asm\Release\pdp11asm.exe" /INCREMENTAL:NO /NOLOGO kernel32.lib user32.lib gdi32.lib winspool.lib comdlg32.lib advapi32.lib shell32.lib ole32.lib oleaut32.lib uuid.lib odbc32.lib odbccp32.lib /MANIFEST /MANIFESTUAC:"level='asInvoker' uiAccess='false'" /manifest:embed /DEBUG /PDB:"D:\Work\pdp11asm\pdp11asm\Release\pdp11asm.pdb" /SUBSYSTEM:CONSOLE,"5.01" /OPT:REF /OPT:ICF /LTCG /TLBID:1 /DYNAMICBASE /NXCOMPAT /IMPLIB:"D:\Work\pdp11asm\pdp11asm\Release\pdp11asm.lib" /MACHINE:X86 /SAFESEH Release\c_8080.obj
         Release\c_bitmap.obj
         Release\c_common.obj
         Release\c_pdp11.obj
         Release\lstwriter.obj
         Release\parser.obj
         Release\pdp11asm.obj
         Release\stdafx.obj
         Generating code
         Finished generating code
         pdp11asm.vcxproj -> D:\Work\pdp11asm\pdp11asm\Release\pdp11asm.exe
     1>Done Building Project "D:\Work\pdp11asm\pdp11asm\pdp11asm\pdp11asm.vcxproj" (Build target(s)).

Build succeeded.

Time Elapsed 00:00:01.37
